0 info it worked if it ends with ok
1 verbose cli [ '/usr/local/bin/node', '/usr/local/bin/npm', 'run', 'build' ]
2 info using npm@4.0.5
3 info using node@v7.4.0
4 verbose run-script [ 'prebuild', 'build', 'postbuild' ]
5 info lifecycle sharespace@0.0.0~prebuild: sharespace@0.0.0
6 silly lifecycle sharespace@0.0.0~prebuild: no script for prebuild, continuing
7 info lifecycle sharespace@0.0.0~build: sharespace@0.0.0
8 verbose lifecycle sharespace@0.0.0~build: unsafe-perm in lifecycle true
9 verbose lifecycle sharespace@0.0.0~build: PATH: /usr/local/lib/node_modules/npm/bin/node-gyp-bin:/Users/nicholasrodman/Desktop/sharespace/node_modules/.bin:/Users/nicholasrodman/.rbenv/shims:/usr/local/bin:/usr/bin:/bin:/usr/sbin:/sbin:/Users/nicholasrodman/Applications/mongodb/bin
10 verbose lifecycle sharespace@0.0.0~build: CWD: /Users/nicholasrodman/Desktop/sharespace
11 silly lifecycle sharespace@0.0.0~build: Args: [ '-c',
11 silly lifecycle   'del-cli server/public/js/app && webpack --config webpack.config.dev.js --progress --profile --watch' ]
12 info lifecycle sharespace@0.0.0~build: Failed to exec build script
13 verbose stack Error: sharespace@0.0.0 build: `del-cli server/public/js/app && webpack --config webpack.config.dev.js --progress --profile --watch`
13 verbose stack spawn ENOENT
13 verbose stack     at ChildProcess.<anonymous> (/usr/local/lib/node_modules/npm/lib/utils/spawn.js:33:16)
13 verbose stack     at emitTwo (events.js:106:13)
13 verbose stack     at ChildProcess.emit (events.js:191:7)
13 verbose stack     at maybeClose (internal/child_process.js:885:16)
13 verbose stack     at Process.ChildProcess._handle.onexit (internal/child_process.js:226:5)
14 verbose pkgid sharespace@0.0.0
15 verbose cwd /Users/nicholasrodman/Desktop/sharespace
16 error Darwin 16.5.0
17 error argv "/usr/local/bin/node" "/usr/local/bin/npm" "run" "build"
18 error node v7.4.0
19 error npm  v4.0.5
20 error file sh
21 error code ELIFECYCLE
22 error errno ENOENT
23 error syscall spawn
24 error sharespace@0.0.0 build: `del-cli server/public/js/app && webpack --config webpack.config.dev.js --progress --profile --watch`
24 error spawn ENOENT
25 error Failed at the sharespace@0.0.0 build script 'del-cli server/public/js/app && webpack --config webpack.config.dev.js --progress --profile --watch'.
25 error Make sure you have the latest version of node.js and npm installed.
25 error If you do, this is most likely a problem with the sharespace package,
25 error not with npm itself.
25 error Tell the author that this fails on your system:
25 error     del-cli server/public/js/app && webpack --config webpack.config.dev.js --progress --profile --watch
25 error You can get information on how to open an issue for this project with:
25 error     npm bugs sharespace
25 error Or if that isn't available, you can get their info via:
25 error     npm owner ls sharespace
25 error There is likely additional logging output above.
26 verbose exit [ 1, true ]
